<?xml version="1.0" encoding="UTF-8"?>
<!-- Generated by org.testng.reporters.JUnitReportReporter -->
<testsuite hostname="Sony" failures="0" tests="1" name="MavenProject.Mavennewproject.testclass1" time="5.052" errors="0" timestamp="2022-11-01T11:32:16 CDT" skipped="0">
  <testcase classname="MavenProject.Mavennewproject.testclass1" name="method1" time="5.052"/>
  <system-out/>
</testsuite> <!-- MavenProject.Mavennewproject.testclass1 -->
